[probalance.webflow.io/index.html]
[backblue.gif]
[fade.gif]
[index.html]
[cdn.prod.website-files.com/665d34b45136fb900ef58460/css/probalance.webflow.3930037d5.css]
[ajax.googleapis.com/ajax/libs/webfont/1.6.26/webfont.js]
[cdn.prod.website-files.com/665d34b45136fb900ef58460/6663dee09987151d0e249694_Fav Icon.png]
[cdn.prod.website-files.com/665d34b45136fb900ef58460/6663dee7efb3b97c886676f3_Webclibe Icon.png]
[cdn.prod.website-files.com/665d34b45136fb900ef58460/665ec894a1e513849e8d1445_Navbar Logo.svg]
[probalance.webflow.io/about.html]
[probalance.webflow.io/service.html]
[probalance.webflow.io/pricing.html]
[probalance.webflow.io/blog.html]
[cdn.prod.website-files.com/665d34b45136fb900ef58460/6663ffd392916f53a2e5d2ed_Close.svg]
[probalance.webflow.io/checkout.html]
[probalance.webflow.io/contact-page.html]
[cdn.prod.website-files.com/665d34b45136fb900ef58460/665ec894df3ac7f1eaeb136a_Trending Icon.svg]
[cdn.prod.website-files.com/665d34b45136fb900ef58460/665ec899021e6b14c9deb721_Hero Image.webp]
[cdn.prod.website-files.com/665d34b45136fb900ef58460/665f1055c39ceb52a99e0df2_about Image 01.png]
[cdn.prod.website-files.com/665d34b45136fb900ef58460/665f10558875dbae4cf16796_About Image 02.png]
[probalance.webflow.io/service/financial-statement-preparation.html]
[cdn.prod.website-files.com/665d35c81c0aabc1cd692224/665ec33cdb8ab0f384ee57b9_Service Thumbnail Image 6.png]
[cdn.prod.website-files.com/665d34b45136fb900ef58460/665f2135fa4ba5f2851d8e70_arrow. up.svg]
[probalance.webflow.io/service/tax-planning-and-preparation.html]
[cdn.prod.website-files.com/665d35c81c0aabc1cd692224/665ec31021b104edb6ed793c_Service Thumbnail Image 5.png]
[probalance.webflow.io/service/bookkeeping.html]
[cdn.prod.website-files.com/665d35c81c0aabc1cd692224/665ec2e83facec5a9414c919_Service Thumbnail Image 4.png]
[probalance.webflow.io/case-studies.html]
[cdn.prod.website-files.com/665d35c81c0aabc1cd692224/665ec49e206456eef9239398_Case Studies Brand Logo.svg]
[cdn.prod.website-files.com/665d35c81c0aabc1cd692224/6660086ca72e18c85532a73a_Right side image01.png]
[cdn.prod.website-files.com/665d35c81c0aabc1cd692224/665ec4bea273e66e0cc7e0bd_Case Studies Brand Logo 3.svg]
[cdn.prod.website-files.com/665d35c81c0aabc1cd692224/6660084ff7f0e73f759a1c75_Right side image02.png]
[cdn.prod.website-files.com/665d35c81c0aabc1cd692224/665ec4da4d1f6ec704907bc7_Case Studies Brand Logo 2.svg]
[cdn.prod.website-files.com/665d35c81c0aabc1cd692224/6660083bdba53fd180d68087_03png.png]
[cdn.prod.website-files.com/665d34b45136fb900ef58460/665ec894e4a8885814695390_Left arrow.svg]
[cdn.prod.website-files.com/665d34b45136fb900ef58460/665ec8944d991b14fa761e0d_Right arrow.svg]
[cdn.prod.website-files.com/665d34b45136fb900ef58460/665ec894d47b136001836d3a_Cotation Icon.svg]
[cdn.prod.website-files.com/665d34b45136fb900ef58460/665ec894d6efc3ee6a2a0973_Profiel Image.svg]
[cdn.prod.website-files.com/665d34b45136fb900ef58460/665ec894a076766d7dbf75f8_Price Icon.svg]
[probalance.webflow.io/product/basic-plan.html]
[cdn.prod.website-files.com/665d34b45136fb900ef58460/665ec89421608391fe781f65_Price Icon 2.svg]
[probalance.webflow.io/product/standard-plan.html]
[probalance.webflow.io/product/premium-plan.html]
[cdn.prod.website-files.com/665d34b45136fb900ef58460/6661321f5605f6bf9af41023_Icon.svg]
[probalance.webflow.io/team.html]
[probalance.webflow.io/team-member/john-anderson-cpa-2.html]
[cdn.prod.website-files.com/665d35c81c0aabc1cd692224/665ec78d21608391fe776ea2_Team Thumbnail Image 04.png]
[probalance.webflow.io/team-member/sarah-mitchell-mba-2.html]
[cdn.prod.website-files.com/665d35c81c0aabc1cd692224/665ec75b2560d094bc5aaf5b_Team Thumbnail Image 03.png]
[probalance.webflow.io/blog/the-role-of-financial-planning-in-business-growth.html]
[cdn.prod.website-files.com/665d35c81c0aabc1cd692224/665ec10b9bde05eb3b90dd4e_Blog Thumbnail Image 6.png]
[cdn.prod.website-files.com/665d34b45136fb900ef58460/665ec894a018c9eb1978083b_Calendar Icon.svg]
[probalance.webflow.io/blog/trends-and-technologies-shaping-the-industry.html]
[cdn.prod.website-files.com/665d35c81c0aabc1cd692224/665ec0e36ee9e3d7c9232248_Blog Thumbnail Image 5.png]
[probalance.webflow.io/blog/the-importance-of-financial-transparency-in-business-success.html]
[cdn.prod.website-files.com/665d35c81c0aabc1cd692224/665ec0b6c2d9f93575332439_Blog Thumbnail Image 4.png]
[cdn.prod.website-files.com/665d34b45136fb900ef58460/665ec8944b52d26487991dc0_Footer Logo.svg]
[probalance.webflow.io/faq-page.html]
[probalance.webflow.io/style-guide.html]
[probalance.webflow.io/change-log.html]
[probalance.webflow.io/license.html]
[probalance.webflow.io/404.html]
[probalance.webflow.io/401.html]
[cdn.prod.website-files.com/665d34b45136fb900ef58460/666457e7fb5905474aa28b4e_Facebook.svg]
[cdn.prod.website-files.com/665d34b45136fb900ef58460/66614b1a37c0a44ad5af95f2_facebook2.svg]
[cdn.prod.website-files.com/665d34b45136fb900ef58460/666457e7877fa24b85e87484_instagram.svg]
[cdn.prod.website-files.com/665d34b45136fb900ef58460/665ec8946854b526ac06b12c_Instagram Icon.svg]
[cdn.prod.website-files.com/665d34b45136fb900ef58460/666457e78fa0d593935d8c40_twitter.svg]
[cdn.prod.website-files.com/665d34b45136fb900ef58460/665ec89431720f535f0a0b1e_Twitter Icon.svg]
[cdn.prod.website-files.com/665d34b45136fb900ef58460/666457e7a6e8132a2020ff3b_linkdin.svg]
[cdn.prod.website-files.com/665d34b45136fb900ef58460/665ec894178f1ec482c3d2f3_Linkedin Icon.svg]
[d3e54v103j8qbb.cloudfront.net/js/jquery-3.5.1.min.dc5e7f18c8cbbe.js]
[probalance.webflow.io/index.html]
[cdn.prod.website-files.com/665d34b45136fb900ef58460/js/webflow.4d67fb8ce.js]
[cdn.prod.website-files.com/665d34b45136fb900ef58460/6661550d9507389a4b5cb662_BG.svg]
[cdn.prod.website-files.com/665d34b45136fb900ef58460/css/probalance.webflow.3930037d5.css]
[cdn.prod.website-files.com/665d34b45136fb900ef58460/665ec894a1e513849e8d1445_Navbar Logo.svg]
[cdn.prod.website-files.com/665d34b45136fb900ef58460/665ec894ba021ff46f6a6e41_CTA Patten.svg]
[cdn.prod.website-files.com/665d34b45136fb900ef58460/665ec894f2ae5481ee368267_About Eye Icon.svg]
[cdn.prod.website-files.com/665d34b45136fb900ef58460/665ec8934c860be2d644b0d1_About Icon.svg]
[cdn.prod.website-files.com/665d34b45136fb900ef58460/665ec896a1e513849e8d153a_Brand Logo 01.svg]
[cdn.prod.website-files.com/665d34b45136fb900ef58460/665ec8940b357e0950b00487_Brand Logo 02.svg]
[cdn.prod.website-files.com/665d34b45136fb900ef58460/665ec89af90c8271fa6d1be3_Brand Logo 03.svg]
[cdn.prod.website-files.com/665d34b45136fb900ef58460/666150a3b6918622f11e0e4b_Image.svg]
[cdn.prod.website-files.com/665d34b45136fb900ef58460/665ec89412482295b58388cf_Brand Logo 04.svg]
[cdn.prod.website-files.com/665d34b45136fb900ef58460/665ec89571541608ec893824_Brand Logo 05.svg]
[cdn.prod.website-files.com/665d34b45136fb900ef58460/665ec8957ac9b7e42f1a5fc1_Brand Logo 06.svg]
[probalance.webflow.io/about.html]
[cdn.prod.website-files.com/665d34b45136fb900ef58460/665ec89412482295b5838895_Brand Logo 07.svg]
[probalance.webflow.io/service/software-integration.html]
[cdn.prod.website-files.com/665d35c81c0aabc1cd692224/665ec2c500958474a1cfe010_Service Thumbnail Image 3.png]
[probalance.webflow.io/service/payroll-processing.html]
[cdn.prod.website-files.com/665d35c81c0aabc1cd692224/665ec2b8b53d86e3f9c81cf7_Service Thumbnail Image 2.png]
[probalance.webflow.io/service/financial-consulting.html]
[cdn.prod.website-files.com/665d35c81c0aabc1cd692224/665ec1d6dbbebf74e32c45fe_Service Thumbnail Image 1.png]
[probalance.webflow.io/service.html]
[probalance.webflow.io/pricing.html]
[cdn.prod.website-files.com/665d34b45136fb900ef58460/665ec8940f489e163e30397a_Clock Icon.svg]
[probalance.webflow.io/blog/the-importance-of-budgeting-for-small-businesses.html]
[cdn.prod.website-files.com/665d35c81c0aabc1cd692224/665ec0806f0aa611bc3d7a53_Blog Thumbnail Image 3.png]
[probalance.webflow.io/blog/which-card-is-better-to-have---debit-or-credit.html]
[cdn.prod.website-files.com/665d35c81c0aabc1cd692224/665ec042a4ef4cca89b79cf2_Blog Thumbnail Image 2.png]
[probalance.webflow.io/blog/the-pros-and-cons-of-hiring-an-in-house-accountant.html]
[cdn.prod.website-files.com/665d35c81c0aabc1cd692224/665ebec4f90c8271fa655a76_Blog Thumbnail Image 1.png]
[probalance.webflow.io/blog.html]
[cdn.prod.website-files.com/665d34b45136fb900ef58460/6663ffd392916f53a2e5d2ed_Close.svg]
[probalance.webflow.io/checkout.html]
[probalance.webflow.io/contact-page.html]
[cdn.prod.website-files.com/665d34b45136fb900ef58460/665ec894df3ac7f1eaeb136a_Trending Icon.svg]
[cdn.prod.website-files.com/665d34b45136fb900ef58460/665ec89358ec9e259d5fa009_Copy Icon.svg]
[cdn.prod.website-files.com/665d35c81c0aabc1cd692224/665ec343a018c9eb1973f3da_Service Main Image 6.png]
[probalance.webflow.io/service/financial-statement-preparation.html]
[cdn.prod.website-files.com/665d34b45136fb900ef58460/665f2135fa4ba5f2851d8e70_arrow. up.svg]
[cdn.prod.website-files.com/665d35c81c0aabc1cd692224/665ec3144ab9ded1bc71d9ab_Service Main Image 5.png]
[probalance.webflow.io/service/tax-planning-and-preparation.html]
[cdn.prod.website-files.com/665d35c81c0aabc1cd692224/665ec2fc4b52d264879505a2_Service Main Image 4.png]
[probalance.webflow.io/service/bookkeeping.html]
[probalance.webflow.io/casestudie/transforming-a-small-business-into-a-thriving-enterprise.html]
[probalance.webflow.io/casestudie/optimizing-financial-performance-for-a-tech-startup.html]
[probalance.webflow.io/case-studies.html]
[cdn.prod.website-files.com/665d35c81c0aabc1cd692224/665ec49e206456eef9239398_Case Studies Brand Logo.svg]
[cdn.prod.website-files.com/665d35c81c0aabc1cd692224/665ec4bea273e66e0cc7e0bd_Case Studies Brand Logo 3.svg]
[cdn.prod.website-files.com/665d35c81c0aabc1cd692224/665ec4da4d1f6ec704907bc7_Case Studies Brand Logo 2.svg]
[cdn.prod.website-files.com/665d34b45136fb900ef58460/665ec894e4a8885814695390_Left arrow.svg]
[cdn.prod.website-files.com/665d34b45136fb900ef58460/665ec8944d991b14fa761e0d_Right arrow.svg]
[cdn.prod.website-files.com/665d34b45136fb900ef58460/665ec894d47b136001836d3a_Cotation Icon.svg]
[cdn.prod.website-files.com/665d34b45136fb900ef58460/665ec894d6efc3ee6a2a0973_Profiel Image.svg]
[cdn.prod.website-files.com/665d34b45136fb900ef58460/665ec894a076766d7dbf75f8_Price Icon.svg]
[probalance.webflow.io/casestudie/financial-health-for-a-manufacturing-company.html]
[probalance.webflow.io/product/basic-plan.html]
[cdn.prod.website-files.com/665d34b45136fb900ef58460/665ec89421608391fe781f65_Price Icon 2.svg]
[cdn.prod.website-files.com/665d35c81c0aabc1cd692224/665eb9aadd254bee428318ce_Price Icon.svg]
[probalance.webflow.io/product/standard-plan.html]
[probalance.webflow.io/product/premium-plan.html]
[cdn.prod.website-files.com/665d34b45136fb900ef58460/6661321f5605f6bf9af41023_Icon.svg]
[cdn.prod.website-files.com/665d35c81c0aabc1cd692224/665ebb52317e0259b7ec32af_Price Icon 2.svg]
[probalance.webflow.io/team-member/john-anderson-cpa.html]
[cdn.prod.website-files.com/665d35c81c0aabc1cd692224/665ec70cba3017e2b770c875_Team Thumbnail Image 02.png]
[probalance.webflow.io/team-member/sarah-mitchell-mba.html]
[cdn.prod.website-files.com/665d35c81c0aabc1cd692224/665ec6ab9dc8ff18b06eabfc_Team Thumbnail Image 01.png]
[probalance.webflow.io/team.html]
[cdn.prod.website-files.com/665d35c81c0aabc1cd692224/665ec7af48dc6342f36cddbc_Team Main Image 4.png]
[probalance.webflow.io/team-member/john-anderson-cpa-2.html]
[cdn.prod.website-files.com/665d35c81c0aabc1cd692224/665ec75e4d1f6ec704922d11_Team Main Image 3.png]
[probalance.webflow.io/team-member/sarah-mitchell-mba-2.html]
[cdn.prod.website-files.com/665d34b45136fb900ef58460/665ec89305d65fbee4efd1a9_Blog Icon Icon.svg]
[cdn.prod.website-files.com/665d35c81c0aabc1cd692224/665ec10e6556e4010f220155_Blog Main Image 6.png]
[probalance.webflow.io/blog/the-role-of-financial-planning-in-business-growth.html]
[cdn.prod.website-files.com/665d34b45136fb900ef58460/665ec894a018c9eb1978083b_Calendar Icon.svg]
[cdn.prod.website-files.com/665d35c81c0aabc1cd692224/665ec0e66dd961ed4172b48a_Blog Main Image 5.png]
[probalance.webflow.io/blog/trends-and-technologies-shaping-the-industry.html]
[cdn.prod.website-files.com/665d35c81c0aabc1cd692224/665ec0b9a018c9eb1972292a_Blog Main Image 4.png]
[probalance.webflow.io/blog/the-importance-of-financial-transparency-in-business-success.html]
[cdn.prod.website-files.com/665d34b45136fb900ef58460/665ec8944b52d26487991dc0_Footer Logo.svg]
[probalance.webflow.io/faq-page.html]
[probalance.webflow.io/style-guide.html]
[probalance.webflow.io/change-log.html]
[cdn.prod.website-files.com/665d34b45136fb900ef58460/665d52f05d180a857cd1801a_Lic Image 3.png]
[cdn.prod.website-files.com/665d34b45136fb900ef58460/665d52f073e8168b697bc650_Lic Image 5.png]
[cdn.prod.website-files.com/665d34b45136fb900ef58460/665d52f0ca63c05855dff937_Lic Image 1.png]
[cdn.prod.website-files.com/665d34b45136fb900ef58460/665d52f0d8f5b147181010ed_Lic Image 2.png]
[cdn.prod.website-files.com/665d34b45136fb900ef58460/665d52f076fb6fb6b303faec_Lic Image 4.png]
[cdn.prod.website-files.com/665d34b45136fb900ef58460/665d52f07423ac5ecc2c7438_Lic Image 6.png]
[probalance.webflow.io/license.html]
[probalance.webflow.io/404.html]
[cdn.prod.website-files.com/665d34b45136fb900ef58460/665d57836587fa22129e1a37_404 Image.svg]
[probalance.webflow.io/401.html]
[cdn.prod.website-files.com/665d34b45136fb900ef58460/666457e7fb5905474aa28b4e_Facebook.svg]
[cdn.prod.website-files.com/665d34b45136fb900ef58460/66614b1a37c0a44ad5af95f2_facebook2.svg]
[cdn.prod.website-files.com/665d34b45136fb900ef58460/666457e7877fa24b85e87484_instagram.svg]
[cdn.prod.website-files.com/665d34b45136fb900ef58460/665ec8946854b526ac06b12c_Instagram Icon.svg]
[cdn.prod.website-files.com/665d34b45136fb900ef58460/666457e78fa0d593935d8c40_twitter.svg]
[cdn.prod.website-files.com/665d34b45136fb900ef58460/665ec89431720f535f0a0b1e_Twitter Icon.svg]
[cdn.prod.website-files.com/665d34b45136fb900ef58460/666457e7a6e8132a2020ff3b_linkdin.svg]
[cdn.prod.website-files.com/665d34b45136fb900ef58460/665ec894178f1ec482c3d2f3_Linkedin Icon.svg]
[cdn.prod.website-files.com/665d34b45136fb900ef58460/6661550d9507389a4b5cb662_BG.svg]
[cdn.prod.website-files.com/665d34b45136fb900ef58460/665ec894ba021ff46f6a6e41_CTA Patten.svg]
[cdn.prod.website-files.com/665d34b45136fb900ef58460/665d5783c5c7732177d5d88a_Password Image.svg]
[cdn.prod.website-files.com/665d34b45136fb900ef58460/666150a3b6918622f11e0e4b_Image.svg]
[cdn.prod.website-files.com/665d34b45136fb900ef58460/665ec894f2ae5481ee368267_About Eye Icon.svg]
[cdn.prod.website-files.com/665d34b45136fb900ef58460/665ec8934c860be2d644b0d1_About Icon.svg]
[cdn.prod.website-files.com/665d34b45136fb900ef58460/665ec896a1e513849e8d153a_Brand Logo 01.svg]
[cdn.prod.website-files.com/665d34b45136fb900ef58460/665ec8940b357e0950b00487_Brand Logo 02.svg]
[cdn.prod.website-files.com/665d34b45136fb900ef58460/665ec89af90c8271fa6d1be3_Brand Logo 03.svg]
[cdn.prod.website-files.com/665d34b45136fb900ef58460/665ec89412482295b58388cf_Brand Logo 04.svg]
[cdn.prod.website-files.com/665d34b45136fb900ef58460/665ec89571541608ec893824_Brand Logo 05.svg]
[cdn.prod.website-files.com/665d34b45136fb900ef58460/665ec8957ac9b7e42f1a5fc1_Brand Logo 06.svg]
[cdn.prod.website-files.com/665d34b45136fb900ef58460/665ec89412482295b5838895_Brand Logo 07.svg]
[cdn.prod.website-files.com/665d35c81c0aabc1cd692224/665ec2c8397346263605ab0b_Service Main Image 3.png]
[probalance.webflow.io/service/software-integration.html]
[cdn.prod.website-files.com/665d35c81c0aabc1cd692224/665ec2a588e36a4c39e2d41a_Service Main Image 2.png]
[probalance.webflow.io/service/payroll-processing.html]
[cdn.prod.website-files.com/665d35c81c0aabc1cd692224/665ec1da673a36674be273cb_Service Main Image 1.png]
[probalance.webflow.io/service/financial-consulting.html]
[cdn.prod.website-files.com/665d34b45136fb900ef58460/665ec8940f489e163e30397a_Clock Icon.svg]
[cdn.prod.website-files.com/665d35c81c0aabc1cd692224/665ec0830b357e0950aab290_Blog Main Image 3.png]
[probalance.webflow.io/blog/the-importance-of-budgeting-for-small-businesses.html]
[cdn.prod.website-files.com/665d35c81c0aabc1cd692224/665ec047c353a448e41ce9a2_Blog Main Image 2.png]
[probalance.webflow.io/blog/which-card-is-better-to-have---debit-or-credit.html]
[cdn.prod.website-files.com/665d35c81c0aabc1cd692224/665ebf9180fe76b56c46adc6_Blog Main Image 1.png]
[probalance.webflow.io/blog/the-pros-and-cons-of-hiring-an-in-house-accountant.html]
[cdn.prod.website-files.com/665d34b45136fb900ef58460/665ec89358ec9e259d5fa009_Copy Icon.svg]
[cdn.prod.website-files.com/665d35c81c0aabc1cd692224/665ec5718c4be32078e56448_Case studies Main Image 3.png]
[probalance.webflow.io/casestudie/transforming-a-small-business-into-a-thriving-enterprise.html]
[cdn.prod.website-files.com/665d35c81c0aabc1cd692224/665ec545d1113b575b6496b7_Case studies Main Image 2.png]
[probalance.webflow.io/casestudie/optimizing-financial-performance-for-a-tech-startup.html]
[cdn.prod.website-files.com/665d35c81c0aabc1cd692224/665ec48c6c5c8bd14e94cd35_Case studies Main Image 1.png]
[probalance.webflow.io/casestudie/financial-health-for-a-manufacturing-company.html]
[cdn.prod.website-files.com/665d35c81c0aabc1cd692224/665eb9aadd254bee428318ce_Price Icon.svg]
[cdn.prod.website-files.com/665d35c81c0aabc1cd692224/665ebb52317e0259b7ec32af_Price Icon 2.svg]
[cdn.prod.website-files.com/665d35c81c0aabc1cd692224/665ec7119c6e3b39fff59c55_Team Main Image 2.png]
[probalance.webflow.io/team-member/john-anderson-cpa.html]
[cdn.prod.website-files.com/665d35c81c0aabc1cd692224/665ec6b08912fb3a90cead56_Team Main Image 1.png]
[probalance.webflow.io/team-member/sarah-mitchell-mba.html]
[cdn.prod.website-files.com/665d34b45136fb900ef58460/665ec89305d65fbee4efd1a9_Blog Icon Icon.svg]
[cdn.prod.website-files.com/665d34b45136fb900ef58460/665d57836587fa22129e1a37_404 Image.svg]
[cdn.prod.website-files.com/665d34b45136fb900ef58460/665d5783c5c7732177d5d88a_Password Image.svg]
